#
# There is insufficient memory for the Java Runtime Environment to continue.
# Native memory allocation (malloc) failed to allocate 1048576 bytes for AllocateHeap
# Possible reasons:
#   The system is out of physical RAM or swap space
#   In 32 bit mode, the process size limit was hit
# Possible solutions:
#   Reduce memory load on the system
#   Increase physical memory or swap space
#   Check if swap backing store is full
#   Use 64 bit Java on a 64 bit OS
#   Decrease Java heap size (-Xmx/-Xms)
#   Decrease number of Java threads
#   Decrease Java thread stack sizes (-Xss)
#   Set larger code cache with -XX:ReservedCodeCacheSize=
# This output file may be truncated or incomplete.
#
#  Out of Memory Error (memory/allocation.inline.hpp:61), pid=9356, tid=0x0000000000001df8
#
# JRE version:  (8.0_101-b13) (build )
# Java VM: Java HotSpot(TM) 64-Bit Server VM (25.101-b13 mixed mode windows-amd64 compressed oops)
# Failed to write core dump. Minidumps are not enabled by default on client versions of Windows
#

---------------  T H R E A D  ---------------

Current thread (0x000000000298d800):  JavaThread "Unknown thread" [_thread_in_vm, id=7672, stack(0x0000000002cc0000,0x0000000002dc0000)]

Stack: [0x0000000002cc0000,0x0000000002dc0000]
[error occurred during error reporting (printing stack bounds), id 0xc0000005]

Native frames: (J=compiled Java code, j=interpreted, Vv=VM code, C=native code)


---------------  P R O C E S S  ---------------

Java Threads: ( => current thread )

Other Threads:

=>0x000000000298d800 (exited) JavaThread "Unknown thread" [_thread_in_vm, id=7672, stack(0x0000000002cc0000,0x0000000002dc0000)]

VM state:not at safepoint (normal execution)

VM Mutex/Monitor currently owned by a thread: None

Heap:
 PSYoungGen      total 18944K, used 327K [0x00000000eab00000, 0x00000000ec000000, 0x0000000100000000)
  eden space 16384K, 2% used [0x00000000eab00000,0x00000000eab51ec8,0x00000000ebb00000)
  from space 2560K, 0% used [0x00000000ebd80000,0x00000000ebd80000,0x00000000ec000000)
  to   space 2560K, 0% used [0x00000000ebb00000,0x00000000ebb00000,0x00000000ebd80000)
 ParOldGen       total 44032K, used 0K [0x00000000c0000000, 0x00000000c2b00000, 0x00000000eab00000)
  object space 44032K, 0% used [0x00000000c0000000,0x00000000c0000000,0x00000000c2b00000)
 Metaspace       used 769K, capacity 4480K, committed 4480K, reserved 1056768K
  class space    used 75K, capacity 384K, committed 384K, reserved 1048576K

Card table byte_map: [0x0000000012280000,0x0000000012490000] byte_map_base: 0x0000000011c80000

Marking Bits: (ParMarkBitMap*) 0x000000006787a6d0
 Begin Bits: [0x00000000129f0000, 0x00000000139f0000)
 End Bits:   [0x00000000139f0000, 0x00000000149f0000)

Polling page: 0x00000000011f0000

CodeCache: size=245760Kb used=328Kb max_used=328Kb free=245431Kb
 bounds [0x0000000002ec0000, 0x0000000003130000, 0x0000000011ec0000]
 total_blobs=58 nmethods=0 adapters=38
 compilation: enabled

Compilation events (0 events):
No events

GC Heap History (0 events):
No events

Deoptimization events (0 events):
No events

Internal exceptions (0 events):
No events

Events (10 events):
Event: 0.043 loading class java/lang/Short
Event: 0.043 loading class java/lang/Short done
Event: 0.043 loading class java/lang/Integer
Event: 0.044 loading class java/lang/Integer done
Event: 0.044 loading class java/lang/Long
Event: 0.044 loading class java/lang/Long done
Event: 0.045 loading class java/lang/NullPointerException
Event: 0.045 loading class java/lang/NullPointerException done
Event: 0.045 loading class java/lang/ArithmeticException
Event: 0.045 loading class java/lang/ArithmeticException done


Dynamic libraries:
0x00007ff626b10000 - 0x00007ff626b47000 	C:\Program Files\Java\jdk1.8.0_101\bin\java.exe
0x00007ff9653a0000 - 0x00007ff96554a000 	C:\windows\SYSTEM32\ntdll.dll
0x00007ff963280000 - 0x00007ff9633ba000 	C:\windows\system32\KERNEL32.DLL
0x00007ff962ac0000 - 0x00007ff962bd0000 	C:\windows\system32\KERNELBASE.dll
0x00007ff961340000 - 0x00007ff9613c8000 	C:\windows\system32\apphelp.dll
0x00007ff941270000 - 0x00007ff9412bf000 	C:\windows\AppPatch\AppPatch64\AcGenral.DLL
0x00007ff9652f0000 - 0x00007ff965397000 	C:\windows\system32\msvcrt.dll
0x00007ff9624e0000 - 0x00007ff96250b000 	C:\windows\SYSTEM32\SspiCli.dll
0x00007ff965290000 - 0x00007ff9652e1000 	C:\windows\system32\SHLWAPI.dll
0x00007ff963100000 - 0x00007ff963271000 	C:\windows\system32\USER32.dll
0x00007ff962c30000 - 0x00007ff962da8000 	C:\windows\system32\ole32.dll
0x00007ff963b40000 - 0x00007ff964f57000 	C:\windows\system32\SHELL32.dll
0x00007ff961d20000 - 0x00007ff961d3f000 	C:\windows\SYSTEM32\USERENV.dll
0x00007ff965180000 - 0x00007ff965225000 	C:\windows\system32\ADVAPI32.dll
0x00007ff959af0000 - 0x00007ff959b0b000 	C:\windows\SYSTEM32\MPR.dll
0x00007ff965040000 - 0x00007ff965176000 	C:\windows\system32\RPCRT4.dll
0x00007ff964fe0000 - 0x00007ff965037000 	C:\windows\SYSTEM32\sechost.dll
0x00007ff963960000 - 0x00007ff963b36000 	C:\windows\SYSTEM32\combase.dll
0x00007ff963610000 - 0x00007ff963755000 	C:\windows\system32\GDI32.dll
0x00007ff962710000 - 0x00007ff962724000 	C:\windows\SYSTEM32\profapi.dll
0x00007ff960d50000 - 0x00007ff960def000 	C:\windows\SYSTEM32\SHCORE.dll
0x00007ff9630b0000 - 0x00007ff9630e4000 	C:\windows\system32\IMM32.DLL
0x00007ff963760000 - 0x00007ff963899000 	C:\windows\system32\MSCTF.dll
0x00007ff960780000 - 0x00007ff9609da000 	C:\windows\WinSxS\amd64_microsoft.windows.common-controls_6595b64144ccf1df_6.0.9600.17031_none_6242a4b3ecbb55a1\COMCTL32.dll
0x0000000066de0000 - 0x0000000066eb2000 	C:\Program Files\Java\jdk1.8.0_101\jre\bin\msvcr100.dll
0x0000000067060000 - 0x00000000678fa000 	C:\Program Files\Java\jdk1.8.0_101\jre\bin\server\jvm.dll
0x00007ff959b70000 - 0x00007ff959b79000 	C:\windows\SYSTEM32\WSOCK32.dll
0x00007ff95eb30000 - 0x00007ff95eb4f000 	C:\windows\SYSTEM32\WINMM.dll
0x00007ff95ebe0000 - 0x00007ff95ebea000 	C:\windows\SYSTEM32\VERSION.dll
0x00007ff962e60000 - 0x00007ff962e67000 	C:\windows\system32\PSAPI.DLL
0x00007ff965230000 - 0x00007ff965288000 	C:\windows\system32\WS2_32.dll
0x00007ff95ea70000 - 0x00007ff95ea9a000 	C:\windows\SYSTEM32\WINMMBASE.dll
0x00007ff963600000 - 0x00007ff963609000 	C:\windows\system32\NSI.dll
0x00007ff9629c0000 - 0x00007ff962a0a000 	C:\windows\SYSTEM32\cfgmgr32.dll
0x00007ff9615a0000 - 0x00007ff9615c6000 	C:\windows\SYSTEM32\DEVOBJ.dll
0x0000000068e30000 - 0x0000000068e3f000 	C:\Program Files\Java\jdk1.8.0_101\jre\bin\verify.dll
0x0000000068e00000 - 0x0000000068e29000 	C:\Program Files\Java\jdk1.8.0_101\jre\bin\java.dll
0x0000000068de0000 - 0x0000000068df6000 	C:\Program Files\Java\jdk1.8.0_101\jre\bin\zip.dll

VM Arguments:
jvm_args: -Djava.awt.headless=true -Xmx1024M -Dfile.encoding=GBK -Duser.country=CN -Duser.language=zh -Duser.variant 
java_command: com.android.dx.command.Main --dex --force-jumbo --num-threads=4 --multi-dex --output C:\Users\admin\AndroidStudioProjects\HeightCalculatorActivity\app\build\intermediates\transforms\dex\debug\folders\1000\10\com.android.support-animated-vector-drawable-23.4.0_1f232e8e720e1a4fb1ad2112aae1f71651e41fdd C:\Users\admin\AndroidStudioProjects\HeightCalculatorActivity\app\build\intermediates\exploded-aar\com.android.support\animated-vector-drawable\23.4.0\jars\classes.jar
java_class_path (initial): C:\Users\admin\AppData\Local\Android\sdk\build-tools\24.0.2\lib\dx.jar
Launcher Type: SUN_STANDARD

Environment Variables:
CLASSPATH=C:\Program Files\Java\jdk1.8.0_101\lib\tools.jar;
PATH=C:\ProgramData\Oracle\Java\javapath;C:\Program Files (x86)\NVIDIA Corporation\PhysX\Common;C:\Program Files (x86)\Intel\iCLS Client\;C:\Program Files\Intel\iCLS Client\;C:\windows\system32;C:\windows;C:\windows\System32\Wbem;C:\windows\System32\WindowsPowerShell\v1.0\;C:\Program Files\Intel\Intel(R) Management Engine Components\DAL;C:\Program Files\Intel\Intel(R) Management Engine Components\IPT;C:\Program Files (x86)\Intel\Intel(R) Management Engine Components\DAL;C:\Program Files (x86)\Intel\Intel(R) Management Engine Components\IPT;C:\Program Files\Lenovo\Bluetooth Software\;C:\Program Files\Lenovo\Bluetooth Software\syswow64;C:\Program Files (x86)\Java\jdk1.6.0_14\bin;D:\ÍøÒ³svn\bin;C;\Program Files\Microsoft SQL Server\90\DTS\Binn\;C:\Program Files\Microsoft SQL Server\110\DTS\Binn\;C:\Program Files (x86)\Microsoft SQL Server\110\Tools\Binn\;C:\Program Files\Microsoft SQL Server\110\Tools\Binn\;C:\Program Files (x86)\Microsoft SQL Server\110\Tools\Binn\ManagementStudio\;C:\Program Files (x86)\Microsoft Visual Studio 10.0\Common7\IDE\PrivateAssemblies\;C:\Program Files (x86)\Microsoft SQL Server\110\DTS\Binn\;C:\Users\admin\AppData\Local\Android\sdk\tools;C:\Program Files\Git\cmd;C:\Program Files\Java\jdk1.8.0_101\bin
USERNAME=admin
OS=Windows_NT
PROCESSOR_IDENTIFIER=Intel64 Family 6 Model 60 Stepping 3, GenuineIntel



---------------  S Y S T E M  ---------------

OS: Windows 8.1 , 64 bit Build 9600 (6.3.9600.17031)

CPU:total 4 (2 cores per cpu, 2 threads per core) family 6 model 60 stepping 3, cmov, cx8, fxsr, mmx, sse, sse2, sse3, ssse3, sse4.1, sse4.2, popcnt, avx, avx2, aes, clmul, erms, lzcnt, ht, tsc, tscinvbit, bmi1, bmi2

Memory: 4k page, physical 4104472k(952260k free), swap 8298776k(5852k free)

vm_info: Java HotSpot(TM) 64-Bit Server VM (25.101-b13) for windows-amd64 JRE (1.8.0_101-b13), built on Jun 22 2016 01:21:29 by "java_re" with MS VC++ 10.0 (VS2010)

time: Fri Oct 07 20:48:41 2016
elapsed time: 0 seconds (0d 0h 0m 0s)

